# JRE version: OpenJDK Runtime Environment (11.0.10) (build 11.0.10+0-b96-7249189)
# Java VM: OpenJDK 64-Bit Server VM (11.0.10+0-b96-7249189, mixed mode, tiered, compressed oops, g1 gc, windows-amd64)
Heap:
 garbage-first heap   total 245760K, used 98537K [0x0000000080000000, 0x0000000100000000)
  region size 1024K, 48 young (49152K), 3 survivors (3072K)
 Metaspace       used 62837K, capacity 64348K, committed 64460K, reserved 1105920K
  class space    used 7959K, capacity 8542K, committed 8652K, reserved 1048576K
GC Heap History (16 events):
Event: 1.824 GC heap before
{Heap before GC invocations=0 (full 0):
 garbage-first heap   total 245760K, used 19456K [0x0000000080000000, 0x0000000100000000)
  region size 1024K, 14 young (14336K), 0 survivors (0K)
 Metaspace       used 6763K, capacity 6937K, committed 7168K, reserved 1056768K
  class space    used 584K, capacity 650K, committed 768K, reserved 1048576K
}
Event: 1.830 GC heap after
{Heap after GC invocations=1 (full 0):
 garbage-first heap   total 245760K, used 7923K [0x0000000080000000, 0x0000000100000000)
  region size 1024K, 2 young (2048K), 2 survivors (2048K)
 Metaspace       used 6763K, capacity 6937K, committed 7168K, reserved 1056768K
  class space    used 584K, capacity 650K, committed 768K, reserved 1048576K
}
Event: 7.423 GC heap before
{Heap before GC invocations=1 (full 0):
 garbage-first heap   total 245760K, used 112371K [0x0000000080000000, 0x0000000100000000)
  region size 1024K, 105 young (107520K), 2 survivors (2048K)
 Metaspace       used 20593K, capacity 21104K, committed 21248K, reserved 1067008K
  class space    used 2509K, capacity 2690K, committed 2816K, reserved 1048576K
}
Event: 7.443 GC heap after
{Heap after GC invocations=2 (full 0):
 garbage-first heap   total 245760K, used 16354K [0x0000000080000000, 0x0000000100000000)
  region size 1024K, 11 young (11264K), 11 survivors (11264K)
 Metaspace       used 20593K, capacity 21104K, committed 21248K, reserved 1067008K
  class space    used 2509K, capacity 2690K, committed 2816K, reserved 1048576K
}
Event: 8.084 GC heap before
{Heap before GC invocations=3 (full 0):
 garbage-first heap   total 245760K, used 41954K [0x0000000080000000, 0x0000000100000000)
  region size 1024K, 36 young (36864K), 11 survivors (11264K)
 Metaspace       used 23214K, capacity 23899K, committed 24192K, reserved 1071104K
  class space    used 2945K, capacity 3157K, committed 3200K, reserved 1048576K
}
Event: 8.098 GC heap after
{Heap after GC invocations=4 (full 0):
 garbage-first heap   total 245760K, used 17908K [0x0000000080000000, 0x0000000100000000)
  region size 1024K, 2 young (2048K), 2 survivors (2048K)
 Metaspace       used 23214K, capacity 23899K, committed 24192K, reserved 1071104K
  class space    used 2945K, capacity 3157K, committed 3200K, reserved 1048576K
}
Event: 10.607 GC heap before
{Heap before GC invocations=4 (full 0):
 garbage-first heap   total 245760K, used 100852K [0x0000000080000000, 0x0000000100000000)
  region size 1024K, 83 young (84992K), 2 survivors (2048K)
 Metaspace       used 34777K, capacity 35550K, committed 35584K, reserved 1079296K
  class space    used 4533K, capacity 4832K, committed 4864K, reserved 1048576K
}
Event: 10.617 GC heap after
{Heap after GC invocations=5 (full 0):
 garbage-first heap   total 245760K, used 21919K [0x0000000080000000, 0x0000000100000000)
  region size 1024K, 6 young (6144K), 6 survivors (6144K)
 Metaspace       used 34777K, capacity 35550K, committed 35584K, reserved 1079296K
  class space    used 4533K, capacity 4832K, committed 4864K, reserved 1048576K
}
Event: 10.658 GC heap before
{Heap before GC invocations=5 (full 0):
 garbage-first heap   total 245760K, used 21919K [0x0000000080000000, 0x0000000100000000)
  region size 1024K, 8 young (8192K), 6 survivors (6144K)
 Metaspace       used 35081K, capacity 35838K, committed 35840K, reserved 1081344K
  class space    used 4545K, capacity 4864K, committed 4864K, reserved 1048576K
}
Event: 10.669 GC heap after
{Heap after GC invocations=6 (full 0):
 garbage-first heap   total 245760K, used 22413K [0x0000000080000000, 0x0000000100000000)
  region size 1024K, 6 young (6144K), 6 survivors (6144K)
 Metaspace       used 35081K, capacity 35838K, committed 35840K, reserved 1081344K
  class space    used 4545K, capacity 4864K, committed 4864K, reserved 1048576K
}
Event: 13.366 GC heap before
{Heap before GC invocations=7 (full 0):
 garbage-first heap   total 245760K, used 141197K [0x0000000080000000, 0x0000000100000000)
  region size 1024K, 119 young (121856K), 6 survivors (6144K)
 Metaspace       used 44513K, capacity 45637K, committed 45900K, reserved 1089536K
  class space    used 5712K, capacity 6115K, committed 6220K, reserved 1048576K
}
Event: 13.389 GC heap after
{Heap after GC invocations=8 (full 0):
 garbage-first heap   total 245760K, used 29168K [0x0000000080000000, 0x0000000100000000)
  region size 1024K, 13 young (13312K), 13 survivors (13312K)
 Metaspace       used 44513K, capacity 45637K, committed 45900K, reserved 1089536K
  class space    used 5712K, capacity 6115K, committed 6220K, reserved 1048576K
}
Event: 17.725 GC heap before
{Heap before GC invocations=8 (full 0):
 garbage-first heap   total 245760K, used 170480K [0x0000000080000000, 0x0000000100000000)
  region size 1024K, 144 young (147456K), 13 survivors (13312K)
 Metaspace       used 56507K, capacity 57943K, committed 58188K, reserved 1099776K
  class space    used 7176K, capacity 7698K, committed 7756K, reserved 1048576K
}
Event: 17.778 GC heap after
{Heap after GC invocations=9 (full 0):
 garbage-first heap   total 245760K, used 50052K [0x0000000080000000, 0x0000000100000000)
  region size 1024K, 18 young (18432K), 18 survivors (18432K)
 Metaspace       used 56507K, capacity 57943K, committed 58188K, reserved 1099776K
  class space    used 7176K, capacity 7698K, committed 7756K, reserved 1048576K
}
Event: 18.200 GC heap before
{Heap before GC invocations=9 (full 0):
 garbage-first heap   total 245760K, used 60292K [0x0000000080000000, 0x0000000100000000)
  region size 1024K, 29 young (29696K), 18 survivors (18432K)
 Metaspace       used 58579K, capacity 60056K, committed 60236K, reserved 1101824K
  class space    used 7428K, capacity 7976K, committed 8012K, reserved 1048576K
}
Event: 18.239 GC heap after
{Heap after GC invocations=10 (full 0):
 garbage-first heap   total 245760K, used 53481K [0x0000000080000000, 0x0000000100000000)
  region size 1024K, 3 young (3072K), 3 survivors (3072K)
 Metaspace       used 58579K, capacity 60056K, committed 60236K, reserved 1101824K
  class space    used 7428K, capacity 7976K, committed 8012K, reserved 1048576K
}

